<?xml version="1.0" encoding="UTF-8"?>
<!-- Generated by org.testng.reporters.JUnitReportReporter -->
<testsuite hostname="INAIRLT541343" failures="0" tests="3" name="TestNG.Sessions.Searchcartdpassign" time="5.223" errors="0" timestamp="04 Jul 2023 03:07:01 GMT" skipped="0">
  <testcase classname="TestNG.Sessions.Searchcartdpassign" name="searchProduct" time="2.018"/>
  <testcase classname="TestNG.Sessions.Searchcartdpassign" name="searchProduct" time="1.228"/>
  <testcase classname="TestNG.Sessions.Searchcartdpassign" name="searchProduct" time="1.977"/>
</testsuite> <!-- TestNG.Sessions.Searchcartdpassign -->
