<?xml version="1.0" encoding="UTF-8"?>
<!-- Generated by org.testng.reporters.JUnitReportReporter -->
<testsuite hostname="INAIRLT541343" failures="0" tests="3" name="TestNG.Sessions.LoginTest" time="35.604" errors="0" timestamp="03 Jul 2023 13:46:23 GMT" skipped="2">
  <testcase classname="TestNG.Sessions.LoginTest" name="signUpLinkTest" time="35.604"/>
  <testcase classname="TestNG.Sessions.LoginTest" name="verifyTitleTest">
    <skipped/>
  </testcase> <!-- verifyTitleTest -->
  <testcase classname="TestNG.Sessions.LoginTest" name="loginTest">
    <skipped/>
  </testcase> <!-- loginTest -->
</testsuite> <!-- TestNG.Sessions.LoginTest -->
