<?xml version="1.0" encoding="UTF-8"?>
<!-- Generated by org.testng.reporters.JUnitReportReporter -->
<testsuite hostname="INAIRLT541343" failures="0" tests="2" name="TestNG.Sessions.Opencart" time="4.459" errors="2" timestamp="07 Jul 2023 09:35:49 GMT" skipped="0">
  <testcase classname="TestNG.Sessions.Opencart" name="quit" time="0.034">
    <error message="Timed out waiting for driver server to stop.
Build info: version: &#039;4.4.0&#039;, revision: &#039;e5c75ed026a&#039;
System info: host: &#039;INAIRLT541343&#039;, ip: &#039;192.168.0.104&#039;, os.name: &#039;Windows 11&#039;, os.arch: &#039;amd64&#039;, os.version: &#039;10.0&#039;, java.version: &#039;19.0.1&#039;
Driver info: org.openqa.selenium.firefox.FirefoxDriver
Command: [4c8d6693-d379-4c16-80cb-2a4fb7a52dae, quit {}]
Capabilities {acceptInsecureCerts: true, browserName: firefox, browserVersion: 115.0, moz:accessibilityChecks: false, moz:buildID: 20230629134642, moz:debuggerAddress: 127.0.0.1:55548, moz:geckodriverVersion: 0.33.0, moz:headless: false, moz:platformVersion: 10.0, moz:processID: 31536, moz:profile: C:\Users\P71116~1.INA\AppDa..., moz:shutdownTimeout: 60000, moz:useNonSpecCompliantPointerOrigin: false, moz:webdriverClick: true, moz:windowless: false, pageLoadStrategy: normal, platformName: WINDOWS, proxy: Proxy(), se:cdp: ws://127.0.0.1:55548/devtoo..., se:cdpVersion: 85.0, setWindowRect: true, strictFileInteractability: false, timeouts: {implicit: 0, pageLoad: 300000, script: 30000}, unhandledPromptBehavior: dismiss and notify}" type="org.openqa.selenium.WebDriverException">
      <![CDATA[org.openqa.selenium.WebDriverException: Timed out waiting for driver server to stop.
Build info: version: '4.4.0', revision: 'e5c75ed026a'
System info: host: 'INAIRLT541343', ip: '192.168.0.104', os.name: 'Windows 11', os.arch: 'amd64', os.version: '10.0', java.version: '19.0.1'
Driver info: org.openqa.selenium.firefox.FirefoxDriver
Command: [4c8d6693-d379-4c16-80cb-2a4fb7a52dae, quit {}]
Capabilities {acceptInsecureCerts: true, browserName: firefox, browserVersion: 115.0, moz:accessibilityChecks: false, moz:buildID: 20230629134642, moz:debuggerAddress: 127.0.0.1:55548, moz:geckodriverVersion: 0.33.0, moz:headless: false, moz:platformVersion: 10.0, moz:processID: 31536, moz:profile: C:\Users\P71116~1.INA\AppDa..., moz:shutdownTimeout: 60000, moz:useNonSpecCompliantPointerOrigin: false, moz:webdriverClick: true, moz:windowless: false, pageLoadStrategy: normal, platformName: WINDOWS, proxy: Proxy(), se:cdp: ws://127.0.0.1:55548/devtoo..., se:cdpVersion: 85.0, setWindowRect: true, strictFileInteractability: false, timeouts: {implicit: 0, pageLoad: 300000, script: 30000}, unhandledPromptBehavior: dismiss and notify}
at org.openqa.selenium.remote.service.DriverCommandExecutor.execute(DriverCommandExecutor.java:132)
at org.openqa.selenium.remote.RemoteWebDriver.execute(RemoteWebDriver.java:547)
at org.openqa.selenium.remote.RemoteWebDriver.execute(RemoteWebDriver.java:602)
at org.openqa.selenium.remote.RemoteWebDriver.execute(RemoteWebDriver.java:606)
at org.openqa.selenium.remote.RemoteWebDriver.quit(RemoteWebDriver.java:443)
at TestNG.Sessions.Basetest.quit(Basetest.java:48)
at java.base/jdk.internal.reflect.DirectMethodHandleAccessor.invoke(DirectMethodHandleAccessor.java:104)
at java.base/java.lang.reflect.Method.invoke(Method.java:578)
at org.testng.internal.MethodInvocationHelper.invokeMethod(MethodInvocationHelper.java:124)
at org.testng.internal.MethodInvocationHelper.invokeMethodConsideringTimeout(MethodInvocationHelper.java:59)
at org.testng.internal.Invoker.invokeConfigurationMethod(Invoker.java:458)
at org.testng.internal.Invoker.invokeConfigurations(Invoker.java:222)
at org.testng.internal.Invoker.invokeConfigurations(Invoker.java:142)
at org.testng.TestRunner.afterRun(TestRunner.java:725)
at org.testng.TestRunner.run(TestRunner.java:509)
at org.testng.SuiteRunner.runTest(SuiteRunner.java:455)
at org.testng.SuiteRunner.access$000(SuiteRunner.java:40)
at org.testng.SuiteRunner$SuiteWorker.run(SuiteRunner.java:489)
at org.testng.internal.thread.ThreadUtil$1.call(ThreadUtil.java:52)
at java.base/java.util.concurrent.FutureTask.run(FutureTask.java:317)
at java.base/java.util.concurrent.ThreadPoolExecutor.runWorker(ThreadPoolExecutor.java:1144)
at java.base/java.util.concurrent.ThreadPoolExecutor$Worker.run(ThreadPoolExecutor.java:642)
at java.base/java.lang.Thread.run(Thread.java:1589)
Caused by: java.util.concurrent.ExecutionException: java.lang.NullPointerException: Cannot invoke "org.openqa.selenium.os.CommandLine.waitFor(long)" because "this.service.process" is null
at java.base/java.util.concurrent.CompletableFuture.reportGet(CompletableFuture.java:396)
at java.base/java.util.concurrent.CompletableFuture.get(CompletableFuture.java:2096)
at org.openqa.selenium.remote.service.DriverCommandExecutor.execute(DriverCommandExecutor.java:128)
... 22 more
Caused by: java.lang.NullPointerException: Cannot invoke "org.openqa.selenium.os.CommandLine.waitFor(long)" because "this.service.process" is null
at org.openqa.selenium.remote.service.DriverCommandExecutor.lambda$execute$2(DriverCommandExecutor.java:122)
at java.base/java.util.concurrent.CompletableFuture$AsyncSupply.run(CompletableFuture.java:1768)
... 3 more
]]>
    </error>
  </testcase> <!-- quit -->
  <testcase classname="TestNG.Sessions.Opencart" name="titleTest" time="4.425">
    <error message="Tried to run command without establishing a connection
Build info: version: &#039;4.4.0&#039;, revision: &#039;e5c75ed026a&#039;
System info: host: &#039;INAIRLT541343&#039;, ip: &#039;192.168.0.104&#039;, os.name: &#039;Windows 11&#039;, os.arch: &#039;amd64&#039;, os.version: &#039;10.0&#039;, java.version: &#039;19.0.1&#039;
Driver info: org.openqa.selenium.firefox.FirefoxDriver
Command: [4c8d6693-d379-4c16-80cb-2a4fb7a52dae, getTitle {}]
Capabilities {acceptInsecureCerts: true, browserName: firefox, browserVersion: 115.0, moz:accessibilityChecks: false, moz:buildID: 20230629134642, moz:debuggerAddress: 127.0.0.1:55548, moz:geckodriverVersion: 0.33.0, moz:headless: false, moz:platformVersion: 10.0, moz:processID: 31536, moz:profile: C:\Users\P71116~1.INA\AppDa..., moz:shutdownTimeout: 60000, moz:useNonSpecCompliantPointerOrigin: false, moz:webdriverClick: true, moz:windowless: false, pageLoadStrategy: normal, platformName: WINDOWS, proxy: Proxy(), se:cdp: ws://127.0.0.1:55548/devtoo..., se:cdpVersion: 85.0, setWindowRect: true, strictFileInteractability: false, timeouts: {implicit: 0, pageLoad: 300000, script: 30000}, unhandledPromptBehavior: dismiss and notify}
Session ID: 4c8d6693-d379-4c16-80cb-2a4fb7a52dae" type="org.openqa.selenium.NoSuchSessionException">
      <![CDATA[org.openqa.selenium.NoSuchSessionException: Tried to run command without establishing a connection
Build info: version: '4.4.0', revision: 'e5c75ed026a'
System info: host: 'INAIRLT541343', ip: '192.168.0.104', os.name: 'Windows 11', os.arch: 'amd64', os.version: '10.0', java.version: '19.0.1'
Driver info: org.openqa.selenium.firefox.FirefoxDriver
Command: [4c8d6693-d379-4c16-80cb-2a4fb7a52dae, getTitle {}]
Capabilities {acceptInsecureCerts: true, browserName: firefox, browserVersion: 115.0, moz:accessibilityChecks: false, moz:buildID: 20230629134642, moz:debuggerAddress: 127.0.0.1:55548, moz:geckodriverVersion: 0.33.0, moz:headless: false, moz:platformVersion: 10.0, moz:processID: 31536, moz:profile: C:\Users\P71116~1.INA\AppDa..., moz:shutdownTimeout: 60000, moz:useNonSpecCompliantPointerOrigin: false, moz:webdriverClick: true, moz:windowless: false, pageLoadStrategy: normal, platformName: WINDOWS, proxy: Proxy(), se:cdp: ws://127.0.0.1:55548/devtoo..., se:cdpVersion: 85.0, setWindowRect: true, strictFileInteractability: false, timeouts: {implicit: 0, pageLoad: 300000, script: 30000}, unhandledPromptBehavior: dismiss and notify}
Session ID: 4c8d6693-d379-4c16-80cb-2a4fb7a52dae
at java.base/jdk.internal.reflect.DirectConstructorHandleAccessor.newInstance(DirectConstructorHandleAccessor.java:67)
at java.base/java.lang.reflect.Constructor.newInstanceWithCaller(Constructor.java:500)
at java.base/java.lang.reflect.Constructor.newInstance(Constructor.java:484)
at org.openqa.selenium.remote.codec.w3c.W3CHttpResponseCodec.createException(W3CHttpResponseCodec.java:200)
at org.openqa.selenium.remote.codec.w3c.W3CHttpResponseCodec.decode(W3CHttpResponseCodec.java:133)
at org.openqa.selenium.remote.codec.w3c.W3CHttpResponseCodec.decode(W3CHttpResponseCodec.java:53)
at org.openqa.selenium.remote.HttpCommandExecutor.execute(HttpCommandExecutor.java:184)
at org.openqa.selenium.remote.service.DriverCommandExecutor.invokeExecute(DriverCommandExecutor.java:167)
at org.openqa.selenium.remote.service.DriverCommandExecutor.execute(DriverCommandExecutor.java:142)
at org.openqa.selenium.remote.RemoteWebDriver.execute(RemoteWebDriver.java:547)
at org.openqa.selenium.remote.RemoteWebDriver.execute(RemoteWebDriver.java:602)
at org.openqa.selenium.remote.RemoteWebDriver.execute(RemoteWebDriver.java:606)
at org.openqa.selenium.remote.RemoteWebDriver.getTitle(RemoteWebDriver.java:315)
at TestNG.Sessions.Opencart.titleTest(Opencart.java:11)
at java.base/jdk.internal.reflect.DirectMethodHandleAccessor.invoke(DirectMethodHandleAccessor.java:104)
at java.base/java.lang.reflect.Method.invoke(Method.java:578)
at org.testng.internal.MethodInvocationHelper.invokeMethod(MethodInvocationHelper.java:124)
at org.testng.internal.Invoker.invokeMethod(Invoker.java:583)
at org.testng.internal.Invoker.invokeTestMethod(Invoker.java:719)
at org.testng.internal.Invoker.invokeTestMethods(Invoker.java:989)
at org.testng.internal.TestMethodWorker.invokeTestMethods(TestMethodWorker.java:125)
at org.testng.internal.TestMethodWorker.run(TestMethodWorker.java:109)
at org.testng.TestRunner.privateRun(TestRunner.java:648)
at org.testng.TestRunner.run(TestRunner.java:505)
at org.testng.SuiteRunner.runTest(SuiteRunner.java:455)
at org.testng.SuiteRunner.access$000(SuiteRunner.java:40)
at org.testng.SuiteRunner$SuiteWorker.run(SuiteRunner.java:489)
at org.testng.internal.thread.ThreadUtil$1.call(ThreadUtil.java:52)
at java.base/java.util.concurrent.FutureTask.run(FutureTask.java:317)
at java.base/java.util.concurrent.ThreadPoolExecutor.runWorker(ThreadPoolExecutor.java:1144)
at java.base/java.util.concurrent.ThreadPoolExecutor$Worker.run(ThreadPoolExecutor.java:642)
at java.base/java.lang.Thread.run(Thread.java:1589)
]]>
    </error>
  </testcase> <!-- titleTest -->
</testsuite> <!-- TestNG.Sessions.Opencart -->
