<?xml version="1.0" encoding="UTF-8"?>
<!-- Generated by org.testng.reporters.JUnitReportReporter -->
<testsuite hostname="INAIRLT541343" failures="0" tests="1" name="PageTest" time="35.155" errors="0" timestamp="14 May 2023 06:15:17 GMT" skipped="0">
  <testcase classname="PageTest" name="test" time="35.155"/>
</testsuite> <!-- PageTest -->
