<?xml version="1.0" encoding="UTF-8"?>
<!-- Generated by org.testng.reporters.JUnitReportReporter -->
<testsuite hostname="INAIRLT541343" failures="0" tests="1" name="TestNG.Sessions.Opencart" time="0.015" errors="0" timestamp="07 Jul 2023 05:22:28 GMT" skipped="0">
  <testcase classname="TestNG.Sessions.Opencart" name="titleTest" time="0.015"/>
</testsuite> <!-- TestNG.Sessions.Opencart -->
