<?xml version="1.0" encoding="UTF-8"?>
<!-- Generated by org.testng.reporters.JUnitReportReporter -->
<testsuite hostname="INAIRLT541343" failures="0" tests="1" name="TestNG.Sessions.ExpectedExceptions" time="0.027" errors="0" timestamp="04 Jul 2023 01:22:19 GMT" skipped="0">
  <testcase classname="TestNG.Sessions.ExpectedExceptions" name="loginTest" time="0.027"/>
</testsuite> <!-- TestNG.Sessions.ExpectedExceptions -->
