<?xml version="1.0" encoding="UTF-8"?>
<!-- Generated by org.testng.reporters.JUnitReportReporter -->
<testsuite hostname="INAIRLT541343" failures="0" tests="1" name="TestNG.Sessions.AmazonTest" time="0.010" errors="0" timestamp="07 Jul 2023 09:35:49 GMT" skipped="0">
  <testcase classname="TestNG.Sessions.AmazonTest" name="titleTest" time="0.010"/>
</testsuite> <!-- TestNG.Sessions.AmazonTest -->
